02:27:08 **** Incremental Build of configuration NEW for project GreyScale ****
make all 
Building file: ../EasyBMP.cpp
Invoking: GCC C++ Compiler
g++ -I/usr/local/systemc-2.3.2/include -O0 -g3 -Wall -c -fmessage-length=0 -fpermissive -MMD -MP -MF"EasyBMP.d" -MT"EasyBMP.o" -o "EasyBMP.o" "../EasyBMP.cpp"
../EasyBMP.cpp: In member function ‘bool BMP::ReadFromFile(const char*)’:
../EasyBMP.cpp:994:13: warning: unused variable ‘ZeroWORD’ [-Wunused-variable]
    ebmpWORD ZeroWORD;
             ^
Finished building: ../EasyBMP.cpp
 
Building file: ../GreyScale.cpp
Invoking: GCC C++ Compiler
g++ -I/usr/local/systemc-2.3.2/include -O0 -g3 -Wall -c -fmessage-length=0 -fpermissive -MMD -MP -MF"GreyScale.d" -MT"GreyScale.o" -o "GreyScale.o" "../GreyScale.cpp"
Finished building: ../GreyScale.cpp
 
Building file: ../GreyScale_tb.cpp
Invoking: GCC C++ Compiler
g++ -I/usr/local/systemc-2.3.2/include -O0 -g3 -Wall -c -fmessage-length=0 -fpermissive -MMD -MP -MF"GreyScale_tb.d" -MT"GreyScale_tb.o" -o "GreyScale_tb.o" "../GreyScale_tb.cpp"
Finished building: ../GreyScale_tb.cpp
 
Building target: GreyScale
Invoking: GCC C++ Linker
g++ -L/usr/local/systemc-2.3.2/lib-linux64 -o "GreyScale"  ./EasyBMP.o ./GreyScale.o ./GreyScale_tb.o   -lsystemc
Finished building target: GreyScale
 

02:27:12 Build Finished. 0 errors, 1 warnings. (took 4s.365ms)

